<?xml version="1.0" encoding="UTF-8"?>
<!-- Generated by org.testng.reporters.JUnitReportReporter -->
<testsuite hostname="DESKTOP-J7DRRNI" failures="0" tests="1" name="com.pedigreeTest.TestCase.Pedigree" time="47.117" errors="0" timestamp="2021-02-13T10:57:44 IST" skipped="0">
  <testcase classname="com.pedigreeTest.TestCase.Pedigree" name="f" time="47.117"/>
  <system-out/>
</testsuite> <!-- com.pedigreeTest.TestCase.Pedigree -->
